# JRE version: OpenJDK Runtime Environment (17.0.10) (build 17.0.10+0--11609105)
# Java VM: OpenJDK 64-Bit Server VM (17.0.10+0--11609105, mixed mode, tiered, compressed oops, compressed class ptrs, g1 gc, windows-amd64)
GC Precious Log:
 CPUs: 8 total, 8 available
 Memory: 16264M
 Large Page Support: Disabled
 NUMA Support: Disabled
 Compressed Oops: Enabled (32-bit)
 Heap Region Size: 1M
 Heap Min Capacity: 8M
 Heap Initial Capacity: 256M
 Heap Max Capacity: 2G
 Pre-touch: Disabled
 Parallel Workers: 8
 Concurrent Workers: 2
 Concurrent Refinement Workers: 8
 Periodic GC: Disabled
Heap:
 garbage-first heap   total 324608K, used 205489K [0x0000000080000000, 0x0000000100000000)
  region size 1024K, 24 young (24576K), 7 survivors (7168K)
 Metaspace       used 131374K, committed 132352K, reserved 1179648K
  class space    used 18020K, committed 18496K, reserved 1048576K
GC Heap History (20 events):
Event: 34.459 GC heap before
{Heap before GC invocations=61 (full 0):
 garbage-first heap   total 278528K, used 234256K [0x0000000080000000, 0x0000000100000000)
  region size 1024K, 61 young (62464K), 3 survivors (3072K)
 Metaspace       used 117502K, committed 118400K, reserved 1179648K
  class space    used 16511K, committed 16896K, reserved 1048576K
}
Event: 34.471 GC heap after
{Heap after GC invocations=62 (full 0):
 garbage-first heap   total 278528K, used 177233K [0x0000000080000000, 0x0000000100000000)
  region size 1024K, 5 young (5120K), 5 survivors (5120K)
 Metaspace       used 117502K, committed 118400K, reserved 1179648K
  class space    used 16511K, committed 16896K, reserved 1048576K
}
Event: 36.493 GC heap before
{Heap before GC invocations=62 (full 0):
 garbage-first heap   total 278528K, used 238673K [0x0000000080000000, 0x0000000100000000)
  region size 1024K, 63 young (64512K), 5 survivors (5120K)
 Metaspace       used 118386K, committed 119296K, reserved 1179648K
  class space    used 16604K, committed 17088K, reserved 1048576K
}
Event: 36.501 GC heap after
{Heap after GC invocations=63 (full 0):
 garbage-first heap   total 278528K, used 182750K [0x0000000080000000, 0x0000000100000000)
  region size 1024K, 6 young (6144K), 6 survivors (6144K)
 Metaspace       used 118386K, committed 119296K, reserved 1179648K
  class space    used 16604K, committed 17088K, reserved 1048576K
}
Event: 38.268 GC heap before
{Heap before GC invocations=63 (full 0):
 garbage-first heap   total 278528K, used 237022K [0x0000000080000000, 0x0000000100000000)
  region size 1024K, 59 young (60416K), 6 survivors (6144K)
 Metaspace       used 118405K, committed 119296K, reserved 1179648K
  class space    used 16605K, committed 17088K, reserved 1048576K
}
Event: 38.277 GC heap after
{Heap after GC invocations=64 (full 0):
 garbage-first heap   total 278528K, used 183239K [0x0000000080000000, 0x0000000100000000)
  region size 1024K, 4 young (4096K), 4 survivors (4096K)
 Metaspace       used 118405K, committed 119296K, reserved 1179648K
  class space    used 16605K, committed 17088K, reserved 1048576K
}
Event: 40.248 GC heap before
{Heap before GC invocations=64 (full 0):
 garbage-first heap   total 278528K, used 239559K [0x0000000080000000, 0x0000000100000000)
  region size 1024K, 59 young (60416K), 4 survivors (4096K)
 Metaspace       used 118405K, committed 119296K, reserved 1179648K
  class space    used 16605K, committed 17088K, reserved 1048576K
}
Event: 40.253 GC heap after
{Heap after GC invocations=65 (full 0):
 garbage-first heap   total 278528K, used 183242K [0x0000000080000000, 0x0000000100000000)
  region size 1024K, 4 young (4096K), 4 survivors (4096K)
 Metaspace       used 118405K, committed 119296K, reserved 1179648K
  class space    used 16605K, committed 17088K, reserved 1048576K
}
Event: 41.109 GC heap before
{Heap before GC invocations=65 (full 0):
 garbage-first heap   total 278528K, used 241610K [0x0000000080000000, 0x0000000100000000)
  region size 1024K, 61 young (62464K), 4 survivors (4096K)
 Metaspace       used 118409K, committed 119360K, reserved 1179648K
  class space    used 16605K, committed 17088K, reserved 1048576K
}
Event: 41.115 GC heap after
{Heap after GC invocations=66 (full 0):
 garbage-first heap   total 278528K, used 183422K [0x0000000080000000, 0x0000000100000000)
  region size 1024K, 5 young (5120K), 5 survivors (5120K)
 Metaspace       used 118409K, committed 119360K, reserved 1179648K
  class space    used 16605K, committed 17088K, reserved 1048576K
}
Event: 42.523 GC heap before
{Heap before GC invocations=66 (full 0):
 garbage-first heap   total 278528K, used 241790K [0x0000000080000000, 0x0000000100000000)
  region size 1024K, 62 young (63488K), 5 survivors (5120K)
 Metaspace       used 119839K, committed 120704K, reserved 1179648K
  class space    used 16748K, committed 17152K, reserved 1048576K
}
Event: 42.528 GC heap after
{Heap after GC invocations=67 (full 0):
 garbage-first heap   total 278528K, used 178396K [0x0000000080000000, 0x0000000100000000)
  region size 1024K, 2 young (2048K), 2 survivors (2048K)
 Metaspace       used 119839K, committed 120704K, reserved 1179648K
  class space    used 16748K, committed 17152K, reserved 1048576K
}
Event: 43.508 GC heap before
{Heap before GC invocations=67 (full 0):
 garbage-first heap   total 278528K, used 198876K [0x0000000080000000, 0x0000000100000000)
  region size 1024K, 19 young (19456K), 2 survivors (2048K)
 Metaspace       used 121931K, committed 122880K, reserved 1179648K
  class space    used 16935K, committed 17408K, reserved 1048576K
}
Event: 43.519 GC heap after
{Heap after GC invocations=68 (full 0):
 garbage-first heap   total 278528K, used 178862K [0x0000000080000000, 0x0000000100000000)
  region size 1024K, 2 young (2048K), 2 survivors (2048K)
 Metaspace       used 121931K, committed 122880K, reserved 1179648K
  class space    used 16935K, committed 17408K, reserved 1048576K
}
Event: 54.916 GC heap before
{Heap before GC invocations=69 (full 0):
 garbage-first heap   total 306176K, used 239278K [0x0000000080000000, 0x0000000100000000)
  region size 1024K, 62 young (63488K), 2 survivors (2048K)
 Metaspace       used 129225K, committed 130176K, reserved 1179648K
  class space    used 17805K, committed 18304K, reserved 1048576K
}
Event: 54.942 GC heap after
{Heap after GC invocations=70 (full 0):
 garbage-first heap   total 306176K, used 185580K [0x0000000080000000, 0x0000000100000000)
  region size 1024K, 8 young (8192K), 8 survivors (8192K)
 Metaspace       used 129225K, committed 130176K, reserved 1179648K
  class space    used 17805K, committed 18304K, reserved 1048576K
}
Event: 57.792 GC heap before
{Heap before GC invocations=70 (full 0):
 garbage-first heap   total 306176K, used 191724K [0x0000000080000000, 0x0000000100000000)
  region size 1024K, 14 young (14336K), 8 survivors (8192K)
 Metaspace       used 129230K, committed 130176K, reserved 1179648K
  class space    used 17806K, committed 18304K, reserved 1048576K
}
Event: 57.820 GC heap after
{Heap after GC invocations=71 (full 0):
 garbage-first heap   total 306176K, used 184406K [0x0000000080000000, 0x0000000100000000)
  region size 1024K, 2 young (2048K), 2 survivors (2048K)
 Metaspace       used 129230K, committed 130176K, reserved 1179648K
  class space    used 17806K, committed 18304K, reserved 1048576K
}
Event: 174.610 GC heap before
{Heap before GC invocations=71 (full 0):
 garbage-first heap   total 306176K, used 260182K [0x0000000080000000, 0x0000000100000000)
  region size 1024K, 77 young (78848K), 2 survivors (2048K)
 Metaspace       used 130099K, committed 131072K, reserved 1179648K
  class space    used 17866K, committed 18368K, reserved 1048576K
}
Event: 174.636 GC heap after
{Heap after GC invocations=72 (full 0):
 garbage-first heap   total 306176K, used 189105K [0x0000000080000000, 0x0000000100000000)
  region size 1024K, 7 young (7168K), 7 survivors (7168K)
 Metaspace       used 130099K, committed 131072K, reserved 1179648K
  class space    used 17866K, committed 18368K, reserved 1048576K
}

