# JRE version: OpenJDK Runtime Environment (17.0.10) (build 17.0.10+0--11609105)
# Java VM: OpenJDK 64-Bit Server VM (17.0.10+0--11609105, mixed mode, tiered, compressed oops, compressed class ptrs, g1 gc, windows-amd64)
GC Precious Log:
 CPUs: 8 total, 8 available
 Memory: 16264M
 Large Page Support: Disabled
 NUMA Support: Disabled
 Compressed Oops: Enabled (32-bit)
 Heap Region Size: 1M
 Heap Min Capacity: 8M
 Heap Initial Capacity: 256M
 Heap Max Capacity: 2G
 Pre-touch: Disabled
 Parallel Workers: 8
 Concurrent Workers: 2
 Concurrent Refinement Workers: 8
 Periodic GC: Disabled
Heap:
 garbage-first heap   total 399360K, used 217615K [0x0000000080000000, 0x0000000100000000)
  region size 1024K, 74 young (75776K), 12 survivors (12288K)
 Metaspace       used 125985K, committed 126784K, reserved 1179648K
  class space    used 16397K, committed 16768K, reserved 1048576K
GC Heap History (20 events):
Event: 30.868 GC heap before
{Heap before GC invocations=41 (full 0):
 garbage-first heap   total 158720K, used 99562K [0x0000000080000000, 0x0000000100000000)
  region size 1024K, 7 young (7168K), 3 survivors (3072K)
 Metaspace       used 79758K, committed 80448K, reserved 1179648K
  class space    used 11216K, committed 11520K, reserved 1048576K
}
Event: 30.879 GC heap after
{Heap after GC invocations=42 (full 0):
 garbage-first heap   total 158720K, used 95692K [0x0000000080000000, 0x0000000100000000)
  region size 1024K, 1 young (1024K), 1 survivors (1024K)
 Metaspace       used 79758K, committed 80448K, reserved 1179648K
  class space    used 11216K, committed 11520K, reserved 1048576K
}
Event: 31.198 GC heap before
{Heap before GC invocations=42 (full 0):
 garbage-first heap   total 158720K, used 110028K [0x0000000080000000, 0x0000000100000000)
  region size 1024K, 16 young (16384K), 1 survivors (1024K)
 Metaspace       used 79893K, committed 80576K, reserved 1179648K
  class space    used 11221K, committed 11520K, reserved 1048576K
}
Event: 31.214 GC heap after
{Heap after GC invocations=43 (full 0):
 garbage-first heap   total 158720K, used 95232K [0x0000000080000000, 0x0000000100000000)
  region size 1024K, 4 young (4096K), 4 survivors (4096K)
 Metaspace       used 79893K, committed 80576K, reserved 1179648K
  class space    used 11221K, committed 11520K, reserved 1048576K
}
Event: 31.702 GC heap before
{Heap before GC invocations=44 (full 0):
 garbage-first heap   total 178176K, used 126976K [0x0000000080000000, 0x0000000100000000)
  region size 1024K, 30 young (30720K), 4 survivors (4096K)
 Metaspace       used 79898K, committed 80576K, reserved 1179648K
  class space    used 11222K, committed 11520K, reserved 1048576K
}
Event: 31.721 GC heap after
{Heap after GC invocations=45 (full 0):
 garbage-first heap   total 178176K, used 102482K [0x0000000080000000, 0x0000000100000000)
  region size 1024K, 4 young (4096K), 4 survivors (4096K)
 Metaspace       used 79898K, committed 80576K, reserved 1179648K
  class space    used 11222K, committed 11520K, reserved 1048576K
}
Event: 31.786 GC heap before
{Heap before GC invocations=45 (full 0):
 garbage-first heap   total 178176K, used 105554K [0x0000000080000000, 0x0000000100000000)
  region size 1024K, 8 young (8192K), 4 survivors (4096K)
 Metaspace       used 79898K, committed 80576K, reserved 1179648K
  class space    used 11222K, committed 11520K, reserved 1048576K
}
Event: 31.796 GC heap after
{Heap after GC invocations=46 (full 0):
 garbage-first heap   total 178176K, used 103870K [0x0000000080000000, 0x0000000100000000)
  region size 1024K, 1 young (1024K), 1 survivors (1024K)
 Metaspace       used 79898K, committed 80576K, reserved 1179648K
  class space    used 11222K, committed 11520K, reserved 1048576K
}
Event: 31.887 GC heap before
{Heap before GC invocations=46 (full 0):
 garbage-first heap   total 178176K, used 105918K [0x0000000080000000, 0x0000000100000000)
  region size 1024K, 4 young (4096K), 1 survivors (1024K)
 Metaspace       used 79899K, committed 80576K, reserved 1179648K
  class space    used 11222K, committed 11520K, reserved 1048576K
}
Event: 31.890 GC heap after
{Heap after GC invocations=47 (full 0):
 garbage-first heap   total 178176K, used 104271K [0x0000000080000000, 0x0000000100000000)
  region size 1024K, 2 young (2048K), 2 survivors (2048K)
 Metaspace       used 79899K, committed 80576K, reserved 1179648K
  class space    used 11222K, committed 11520K, reserved 1048576K
}
Event: 32.515 GC heap before
{Heap before GC invocations=48 (full 0):
 garbage-first heap   total 199680K, used 139087K [0x0000000080000000, 0x0000000100000000)
  region size 1024K, 32 young (32768K), 2 survivors (2048K)
 Metaspace       used 79902K, committed 80576K, reserved 1179648K
  class space    used 11224K, committed 11520K, reserved 1048576K
}
Event: 32.533 GC heap after
{Heap after GC invocations=49 (full 0):
 garbage-first heap   total 199680K, used 111543K [0x0000000080000000, 0x0000000100000000)
  region size 1024K, 4 young (4096K), 4 survivors (4096K)
 Metaspace       used 79902K, committed 80576K, reserved 1179648K
  class space    used 11224K, committed 11520K, reserved 1048576K
}
Event: 32.794 GC heap before
{Heap before GC invocations=49 (full 0):
 garbage-first heap   total 199680K, used 116663K [0x0000000080000000, 0x0000000100000000)
  region size 1024K, 9 young (9216K), 4 survivors (4096K)
 Metaspace       used 80078K, committed 80832K, reserved 1179648K
  class space    used 11256K, committed 11584K, reserved 1048576K
}
Event: 32.809 GC heap after
{Heap after GC invocations=50 (full 0):
 garbage-first heap   total 399360K, used 111710K [0x0000000080000000, 0x0000000100000000)
  region size 1024K, 1 young (1024K), 1 survivors (1024K)
 Metaspace       used 80078K, committed 80832K, reserved 1179648K
  class space    used 11256K, committed 11584K, reserved 1048576K
}
Event: 38.300 GC heap before
{Heap before GC invocations=50 (full 0):
 garbage-first heap   total 399360K, used 272478K [0x0000000080000000, 0x0000000100000000)
  region size 1024K, 141 young (144384K), 1 survivors (1024K)
 Metaspace       used 94865K, committed 95616K, reserved 1179648K
  class space    used 12887K, committed 13248K, reserved 1048576K
}
Event: 38.320 GC heap after
{Heap after GC invocations=51 (full 0):
 garbage-first heap   total 399360K, used 137430K [0x0000000080000000, 0x0000000100000000)
  region size 1024K, 11 young (11264K), 11 survivors (11264K)
 Metaspace       used 94865K, committed 95616K, reserved 1179648K
  class space    used 12887K, committed 13248K, reserved 1048576K
}
Event: 46.573 GC heap before
{Heap before GC invocations=51 (full 0):
 garbage-first heap   total 399360K, used 293078K [0x0000000080000000, 0x0000000100000000)
  region size 1024K, 162 young (165888K), 11 survivors (11264K)
 Metaspace       used 108263K, committed 108928K, reserved 1179648K
  class space    used 14382K, committed 14720K, reserved 1048576K
}
Event: 46.602 GC heap after
{Heap after GC invocations=52 (full 0):
 garbage-first heap   total 399360K, used 146541K [0x0000000080000000, 0x0000000100000000)
  region size 1024K, 20 young (20480K), 20 survivors (20480K)
 Metaspace       used 108263K, committed 108928K, reserved 1179648K
  class space    used 14382K, committed 14720K, reserved 1048576K
}
Event: 50.612 GC heap before
{Heap before GC invocations=52 (full 0):
 garbage-first heap   total 399360K, used 241773K [0x0000000080000000, 0x0000000100000000)
  region size 1024K, 114 young (116736K), 20 survivors (20480K)
 Metaspace       used 121678K, committed 122432K, reserved 1179648K
  class space    used 15846K, committed 16192K, reserved 1048576K
}
Event: 50.638 GC heap after
{Heap after GC invocations=53 (full 0):
 garbage-first heap   total 399360K, used 149007K [0x0000000080000000, 0x0000000100000000)
  region size 1024K, 12 young (12288K), 12 survivors (12288K)
 Metaspace       used 121678K, committed 122432K, reserved 1179648K
  class space    used 15846K, committed 16192K, reserved 1048576K
}

